# JRE version: Java(TM) SE Runtime Environment (8.0_111-b14) (build 1.8.0_111-b14)
# Java VM: Java HotSpot(TM) 64-Bit Server VM (25.111-b14 mixed mode windows-amd64 compressed oops)
Heap:
 PSYoungGen      total 193536K, used 49236K [0x00000000d5700000, 0x00000000e5f80000, 0x0000000100000000)
  eden space 188928K, 26% used [0x00000000d5700000,0x00000000d87152a8,0x00000000e0f80000)
  from space 4608K, 0% used [0x00000000e5b00000,0x00000000e5b00000,0x00000000e5f80000)
  to   space 15360K, 0% used [0x00000000e4180000,0x00000000e4180000,0x00000000e5080000)
 ParOldGen       total 89600K, used 20237K [0x0000000080400000, 0x0000000085b80000, 0x00000000d5700000)
  object space 89600K, 22% used [0x0000000080400000,0x00000000817c3540,0x0000000085b80000)
 Metaspace       used 55086K, capacity 59224K, committed 59392K, reserved 1099776K
  class space    used 7692K, capacity 8388K, committed 8448K, reserved 1048576K
GC Heap History (10 events):
Event: 18220.242 GC heap before
{Heap before GC invocations=23 (full 3):
 PSYoungGen      total 199168K, used 9880K [0x00000000d5700000, 0x00000000e6f80000, 0x0000000100000000)
  eden space 188928K, 0% used [0x00000000d5700000,0x00000000d5700000,0x00000000e0f80000)
  from space 10240K, 96% used [0x00000000e6580000,0x00000000e6f261e0,0x00000000e6f80000)
  to   space 15360K, 0% used [0x00000000e5180000,0x00000000e5180000,0x00000000e6080000)
 ParOldGen       total 89600K, used 26118K [0x0000000080400000, 0x0000000085b80000, 0x00000000d5700000)
  object space 89600K, 29% used [0x0000000080400000,0x0000000081d81990,0x0000000085b80000)
 Metaspace       used 54110K, capacity 57818K, committed 57984K, reserved 1099776K
  class space    used 7573K, capacity 8208K, committed 8320K, reserved 1048576K
Event: 18224.864 GC heap after
Heap after GC invocations=23 (full 3):
 PSYoungGen      total 199168K, used 0K [0x00000000d5700000, 0x00000000e6f80000, 0x0000000100000000)
  eden space 188928K, 0% used [0x00000000d5700000,0x00000000d5700000,0x00000000e0f80000)
  from space 10240K, 0% used [0x00000000e6580000,0x00000000e6580000,0x00000000e6f80000)
  to   space 15360K, 0% used [0x00000000e5180000,0x00000000e5180000,0x00000000e6080000)
 ParOldGen       total 89600K, used 17753K [0x0000000080400000, 0x0000000085b80000, 0x00000000d5700000)
  object space 89600K, 19% used [0x0000000080400000,0x0000000081556698,0x0000000085b80000)
 Metaspace       used 53961K, capacity 57576K, committed 57984K, reserved 1099776K
  class space    used 7546K, capacity 8159K, committed 8320K, reserved 1048576K
}
Event: 18333.054 GC heap before
{Heap before GC invocations=24 (full 3):
 PSYoungGen      total 199168K, used 185318K [0x00000000d5700000, 0x00000000e6f80000, 0x0000000100000000)
  eden space 188928K, 98% used [0x00000000d5700000,0x00000000e0bf9840,0x00000000e0f80000)
  from space 10240K, 0% used [0x00000000e6580000,0x00000000e6580000,0x00000000e6f80000)
  to   space 15360K, 0% used [0x00000000e5180000,0x00000000e5180000,0x00000000e6080000)
 ParOldGen       total 89600K, used 17753K [0x0000000080400000, 0x0000000085b80000, 0x00000000d5700000)
  object space 89600K, 19% used [0x0000000080400000,0x0000000081556698,0x0000000085b80000)
 Metaspace       used 54647K, capacity 58530K, committed 58752K, reserved 1099776K
  class space    used 7639K, capacity 8285K, committed 8320K, reserved 1048576K
Event: 18333.816 GC heap after
Heap after GC invocations=24 (full 3):
 PSYoungGen      total 198656K, used 9337K [0x00000000d5700000, 0x00000000e6600000, 0x0000000100000000)
  eden space 188928K, 0% used [0x00000000d5700000,0x00000000d5700000,0x00000000e0f80000)
  from space 9728K, 95% used [0x00000000e5180000,0x00000000e5a9e7b0,0x00000000e5b00000)
  to   space 11264K, 0% used [0x00000000e5b00000,0x00000000e5b00000,0x00000000e6600000)
 ParOldGen       total 89600K, used 17761K [0x0000000080400000, 0x0000000085b80000, 0x00000000d5700000)
  object space 89600K, 19% used [0x0000000080400000,0x0000000081558698,0x0000000085b80000)
 Metaspace       used 54647K, capacity 58530K, committed 58752K, reserved 1099776K
  class space    used 7639K, capacity 8285K, committed 8320K, reserved 1048576K
}
Event: 18333.816 GC heap before
{Heap before GC invocations=25 (full 4):
 PSYoungGen      total 198656K, used 9337K [0x00000000d5700000, 0x00000000e6600000, 0x0000000100000000)
  eden space 188928K, 0% used [0x00000000d5700000,0x00000000d5700000,0x00000000e0f80000)
  from space 9728K, 95% used [0x00000000e5180000,0x00000000e5a9e7b0,0x00000000e5b00000)
  to   space 11264K, 0% used [0x00000000e5b00000,0x00000000e5b00000,0x00000000e6600000)
 ParOldGen       total 89600K, used 17761K [0x0000000080400000, 0x0000000085b80000, 0x00000000d5700000)
  object space 89600K, 19% used [0x0000000080400000,0x0000000081558698,0x0000000085b80000)
 Metaspace       used 54647K, capacity 58530K, committed 58752K, reserved 1099776K
  class space    used 7639K, capacity 8285K, committed 8320K, reserved 1048576K
Event: 18334.700 GC heap after
Heap after GC invocations=25 (full 4):
 PSYoungGen      total 198656K, used 0K [0x00000000d5700000, 0x00000000e6600000, 0x0000000100000000)
  eden space 188928K, 0% used [0x00000000d5700000,0x00000000d5700000,0x00000000e0f80000)
  from space 9728K, 0% used [0x00000000e5180000,0x00000000e5180000,0x00000000e5b00000)
  to   space 11264K, 0% used [0x00000000e5b00000,0x00000000e5b00000,0x00000000e6600000)
 ParOldGen       total 89600K, used 21523K [0x0000000080400000, 0x0000000085b80000, 0x00000000d5700000)
  object space 89600K, 24% used [0x0000000080400000,0x0000000081904d00,0x0000000085b80000)
 Metaspace       used 54632K, capacity 58506K, committed 58752K, reserved 1099776K
  class space    used 7637K, capacity 8281K, committed 8320K, reserved 1048576K
}
Event: 18339.372 GC heap before
{Heap before GC invocations=26 (full 4):
 PSYoungGen      total 198656K, used 154590K [0x00000000d5700000, 0x00000000e6600000, 0x0000000100000000)
  eden space 188928K, 81% used [0x00000000d5700000,0x00000000dedf79a8,0x00000000e0f80000)
  from space 9728K, 0% used [0x00000000e5180000,0x00000000e5180000,0x00000000e5b00000)
  to   space 11264K, 0% used [0x00000000e5b00000,0x00000000e5b00000,0x00000000e6600000)
 ParOldGen       total 89600K, used 21523K [0x0000000080400000, 0x0000000085b80000, 0x00000000d5700000)
  object space 89600K, 24% used [0x0000000080400000,0x0000000081904d00,0x0000000085b80000)
 Metaspace       used 55038K, capacity 59110K, committed 59392K, reserved 1099776K
  class space    used 7683K, capacity 8350K, committed 8448K, reserved 1048576K
Event: 18339.378 GC heap after
Heap after GC invocations=26 (full 4):
 PSYoungGen      total 193536K, used 4458K [0x00000000d5700000, 0x00000000e5f80000, 0x0000000100000000)
  eden space 188928K, 0% used [0x00000000d5700000,0x00000000d5700000,0x00000000e0f80000)
  from space 4608K, 96% used [0x00000000e5b00000,0x00000000e5f5abd0,0x00000000e5f80000)
  to   space 15360K, 0% used [0x00000000e4180000,0x00000000e4180000,0x00000000e5080000)
 ParOldGen       total 89600K, used 21531K [0x0000000080400000, 0x0000000085b80000, 0x00000000d5700000)
  object space 89600K, 24% used [0x0000000080400000,0x0000000081906d00,0x0000000085b80000)
 Metaspace       used 55038K, capacity 59110K, committed 59392K, reserved 1099776K
  class space    used 7683K, capacity 8350K, committed 8448K, reserved 1048576K
}
Event: 18339.378 GC heap before
{Heap before GC invocations=27 (full 5):
 PSYoungGen      total 193536K, used 4458K [0x00000000d5700000, 0x00000000e5f80000, 0x0000000100000000)
  eden space 188928K, 0% used [0x00000000d5700000,0x00000000d5700000,0x00000000e0f80000)
  from space 4608K, 96% used [0x00000000e5b00000,0x00000000e5f5abd0,0x00000000e5f80000)
  to   space 15360K, 0% used [0x00000000e4180000,0x00000000e4180000,0x00000000e5080000)
 ParOldGen       total 89600K, used 21531K [0x0000000080400000, 0x0000000085b80000, 0x00000000d5700000)
  object space 89600K, 24% used [0x0000000080400000,0x0000000081906d00,0x0000000085b80000)
 Metaspace       used 55038K, capacity 59110K, committed 59392K, reserved 1099776K
  class space    used 7683K, capacity 8350K, committed 8448K, reserved 1048576K
Event: 18339.597 GC heap after
Heap after GC invocations=27 (full 5):
 PSYoungGen      total 193536K, used 0K [0x00000000d5700000, 0x00000000e5f80000, 0x0000000100000000)
  eden space 188928K, 0% used [0x00000000d5700000,0x00000000d5700000,0x00000000e0f80000)
  from space 4608K, 0% used [0x00000000e5b00000,0x00000000e5b00000,0x00000000e5f80000)
  to   space 15360K, 0% used [0x00000000e4180000,0x00000000e4180000,0x00000000e5080000)
 ParOldGen       total 89600K, used 20237K [0x0000000080400000, 0x0000000085b80000, 0x00000000d5700000)
  object space 89600K, 22% used [0x0000000080400000,0x00000000817c3540,0x0000000085b80000)
 Metaspace       used 55024K, capacity 59086K, committed 59392K, reserved 1099776K
  class space    used 7681K, capacity 8345K, committed 8448K, reserved 1048576K
}

